

*******************************************************************************
Thu Aug 29 17:42:08 2019


FIT:    data read from '50 mL Tx - Ta.txt'
        format = z
        #datapoints = 20
        residuals are weighted equally (unit weight)

function used for fitting: f(x)
	f(x) = a* exp(-x*b) + c
BREAK: Need via and either parameter list or file

*******************************************************************************
Thu Aug 29 17:42:34 2019


FIT:    data read from '50 mL Tx - Ta.txt'
        format = z
        #datapoints = 20
        residuals are weighted equally (unit weight)

function used for fitting: f(x)
	f(x) = a* exp(-x*b) + c
BREAK: Need via and either parameter list or file

*******************************************************************************
Thu Aug 29 17:42:49 2019


FIT:    data read from '50 mL Tx - Ta.txt' u  1:2:3:4 xyerrors
        format = x:z:sx:s
        #datapoints = 20
function used for fitting: f(x)
	f(x) = a* exp(-x*b) + c
fitted parameters initialized with current variable values

iter      chisq       delta/lim  lambda   a             b             c            
   0 5.7139432741e+03   0.00e+00  5.76e-01    1.000000e+00   1.000000e+00   1.000000e+00
   3 5.7000000001e+02  -1.27e-01  5.76e-04    9.999366e+00   9.999922e-01   1.700000e+01

After 3 iterations the fit converged.
final sum of squares of residuals : 570
rel. change during last iteration : -1.26885e-06

degrees of freedom    (FIT_NDF)                        : 17
rms of residuals      (FIT_STDFIT) = sqrt(WSSR/ndf)    : 5.79046
variance of residuals (reduced chisquare) = WSSR/ndf   : 33.5294
p-value of the Chisq distribution (FIT_P)              : 0

Final set of parameters            Asymptotic Standard Error
=======================            ==========================
a               = 9.99937          +/- 51.77        (517.8%)
b               = 0.999992         +/- 2.392e+11    (2.392e+13%)
c               = 17               +/- 1.365        (8.028%)

correlation matrix of the fit parameters:
                a      b      c      
a               1.000 
b              -0.006  1.000 
c              -0.026  0.229  1.000 


*******************************************************************************
Thu Aug 29 17:43:41 2019


FIT:    data read from '50 mL Tx - Ta.txt' u  1:2:3:4 xyerrors
        format = x:z:sx:s
        x range restricted to [-200.000 : 1600.00]
        #datapoints = 20
function used for fitting: f(x)
	f(x)=a*exp(x*b)+c
fitted parameters initialized with current variable values


Current data point
=========================
#               = 14 out of 20
x               = 9.99937        
z               = 14             

Current set of parameters
=========================
a               = 9.99937        
b               = 0.999992       
c               = 17             

BREAK: Function evaluation yields NaN ("not a number")

*******************************************************************************
Thu Aug 29 17:45:16 2019


FIT:    data read from '50 mL Tx - Ta.txt' u  1:2:3:4 xyerrors
        format = x:z:sx:s
        x range restricted to [-200.000 : 1600.00]
        #datapoints = 20
function used for fitting: f(x)
	f(x)=a*exp(x*b)
fitted parameters initialized with current variable values


Current data point
=========================
#               = 14 out of 20
x               = 9.99937        
z               = 14             

Current set of parameters
=========================
a               = 9.99937        
b               = 0.999992       

BREAK: Function evaluation yields NaN ("not a number")

*******************************************************************************
Thu Aug 29 17:45:26 2019


FIT:    data read from '50 mL Tx - Ta.txt' u  1:2:3:4 xyerrors
        format = x:z:sx:s
        x range restricted to [-200.000 : 1600.00]
        #datapoints = 20
function used for fitting: f(x)
	f(x)=a*exp(-x*b)
fitted parameters initialized with current variable values

iter      chisq       delta/lim  lambda   a             b            
   0 6.0646179210e+03   0.00e+00  1.77e-01    9.999366e+00   9.999922e-01
   2 6.0610000000e+03  -3.99e-03  1.77e-03    2.699908e+01   9.999861e-01

After 2 iterations the fit converged.
final sum of squares of residuals : 6061
rel. change during last iteration : -3.9899e-08

degrees of freedom    (FIT_NDF)                        : 18
rms of residuals      (FIT_STDFIT) = sqrt(WSSR/ndf)    : 18.35
variance of residuals (reduced chisquare) = WSSR/ndf   : 336.722
p-value of the Chisq distribution (FIT_P)              : 0

Final set of parameters            Asymptotic Standard Error
=======================            ==========================
a               = 26.9991          +/- 489.3        (1812%)
b               = 0.999986         +/- 2.457e+11    (2.457e+13%)

correlation matrix of the fit parameters:
                a      b      
a               1.000 
b               0.000  1.000 


*******************************************************************************
Thu Aug 29 17:47:21 2019


FIT:    data read from "50 mL Tx - Ta.txt"  u 1:2:3:4 xyerrors
        format = x:z:sx:s
        #datapoints = 20
function used for fitting: g(x)
	g(x)=a*exp(x*b)
fitted parameters initialized with current variable values


Current data point
=========================
#               = 14 out of 20
x               = 1              
z               = 14             

Current set of parameters
=========================
a               = 1              
b               = 1              

BREAK: Function evaluation yields NaN ("not a number")

*******************************************************************************
Thu Aug 29 17:47:34 2019


FIT:    data read from "50 mL Tx - Ta.txt"  u 1:2:3:4 xyerrors
        format = x:z:sx:s
        #datapoints = 20
function used for fitting: g(x)
	g(x)=a*exp(-x*b)
fitted parameters initialized with current variable values

iter      chisq       delta/lim  lambda   a             b            
   0 6.4087892818e+03   0.00e+00  1.13e-01    1.000000e+00   1.000000e+00
   2 6.0610000040e+03  -9.27e-03  1.13e-03    2.694687e+01   9.999853e-01

After 2 iterations the fit converged.
final sum of squares of residuals : 6061
rel. change during last iteration : -9.26661e-08

degrees of freedom    (FIT_NDF)                        : 18
rms of residuals      (FIT_STDFIT) = sqrt(WSSR/ndf)    : 18.35
variance of residuals (reduced chisquare) = WSSR/ndf   : 336.722
p-value of the Chisq distribution (FIT_P)              : 0

Final set of parameters            Asymptotic Standard Error
=======================            ==========================
a               = 26.9469          +/- 489.3        (1816%)
b               = 0.999985         +/- 2.461e+11    (2.461e+13%)

correlation matrix of the fit parameters:
                a      b      
a               1.000 
b               0.000  1.000 


*******************************************************************************
Thu Aug 29 17:49:43 2019


FIT:    data read from "50 mL Tx - Ta.txt"  u 1:2:3:4 xyerrors
        format = x:z:sx:s
        #datapoints = 20
function used for fitting: g(x)
	g(x)=a*exp(-x*b)
fitted parameters initialized with current variable values

iter      chisq       delta/lim  lambda   a             b            
   0 6.0610014065e+03   0.00e+00  1.66e-01    2.800000e+01   9.999853e-01
   1 6.0610000008e+03  -2.32e-02  1.66e-02    2.702439e+01   9.999852e-01

After 1 iterations the fit converged.
final sum of squares of residuals : 6061
rel. change during last iteration : -2.31923e-07

degrees of freedom    (FIT_NDF)                        : 18
rms of residuals      (FIT_STDFIT) = sqrt(WSSR/ndf)    : 18.35
variance of residuals (reduced chisquare) = WSSR/ndf   : 336.722
p-value of the Chisq distribution (FIT_P)              : 0

Final set of parameters            Asymptotic Standard Error
=======================            ==========================
a               = 27.0244          +/- 489.3        (1811%)
b               = 0.999985         +/- 2.454e+11    (2.454e+13%)

correlation matrix of the fit parameters:
                a      b      
a               1.000 
b               0.000  1.000 


*******************************************************************************
Thu Aug 29 17:55:35 2019


FIT:    data read from "50 mL Tx - Ta.txt"  u 1:2:3:4 xyerrors
        format = x:z:sx:s
        x range restricted to [-200.000 : 1600.00]
        #datapoints = 20
function used for fitting: g(x)
	g(x)=a*exp(-x*b)+c
fitted parameters initialized with current variable values

iter      chisq       delta/lim  lambda   a             b             c            
   0 1.1448585828e+03   0.00e+00  1.27e+01    6.000000e+00   9.999852e-01   2.250000e+01
   4 5.7000000000e+02  -9.46e-03  1.27e-03    9.999977e+00   9.999836e-01   1.700000e+01

After 4 iterations the fit converged.
final sum of squares of residuals : 570
rel. change during last iteration : -9.45857e-08

degrees of freedom    (FIT_NDF)                        : 17
rms of residuals      (FIT_STDFIT) = sqrt(WSSR/ndf)    : 5.79046
variance of residuals (reduced chisquare) = WSSR/ndf   : 33.5294
p-value of the Chisq distribution (FIT_P)              : 0

Final set of parameters            Asymptotic Standard Error
=======================            ==========================
a               = 9.99998          +/- 51.77        (517.7%)
b               = 0.999984         +/- 2.093e+11    (2.093e+13%)
c               = 17               +/- 1.365        (8.028%)

correlation matrix of the fit parameters:
                a      b      c      
a               1.000 
b              -0.006  1.000 
c              -0.026  0.229  1.000 


*******************************************************************************
Thu Aug 29 17:59:08 2019


FIT:    data read from "50 mL Tx - Ta.txt"  u 1:2:3:4 xyerrors
        format = x:z:sx:s
        #datapoints = 20
function used for fitting: g(x)
fitted parameters initialized with current variable values



*******************************************************************************
Thu Aug 29 17:59:37 2019


FIT:    data read from "50 mL Tx - Ta.txt"  u 1:2:3:4 xyerrors
        format = x:z:sx:s
        #datapoints = 20
function used for fitting: g(x)
fitted parameters initialized with current variable values



*******************************************************************************
Thu Aug 29 17:59:44 2019


FIT:    data read from "50 mL Tx - Ta.txt"  u 1:2:3:4 xyerrors
        format = x:z:sx:s
        #datapoints = 20
function used for fitting: f(x)
	f(x)=a*exp(x*-b)+c
fitted parameters initialized with current variable values

iter      chisq       delta/lim  lambda   a             b             c            
   0 1.0450000000e+03   0.00e+00  1.24e+01    5.000000e+00   1.000000e+00   2.200000e+01
   4 5.7000000000e+02  -2.72e-03  1.24e-03    9.999983e+00   9.999985e-01   1.700000e+01

After 4 iterations the fit converged.
final sum of squares of residuals : 570
rel. change during last iteration : -2.71628e-08

degrees of freedom    (FIT_NDF)                        : 17
rms of residuals      (FIT_STDFIT) = sqrt(WSSR/ndf)    : 5.79046
variance of residuals (reduced chisquare) = WSSR/ndf   : 33.5294
p-value of the Chisq distribution (FIT_P)              : 0

Final set of parameters            Asymptotic Standard Error
=======================            ==========================
a               = 9.99998          +/- 51.77        (517.7%)
b               = 0.999999         +/- 2.392e+11    (2.392e+13%)
c               = 17               +/- 1.365        (8.028%)

correlation matrix of the fit parameters:
                a      b      c      
a               1.000 
b              -0.006  1.000 
c              -0.026  0.229  1.000 


*******************************************************************************
Thu Aug 29 18:01:29 2019


FIT:    data read from "50 mL Tx - Ta.txt"  u 1:2
        format = x:z
        x range restricted to [-20.0000 : 1780.00]
        #datapoints = 20
        residuals are weighted equally (unit weight)

function used for fitting: f(x)
	f(x)=a*exp(x*-b)+c
fitted parameters initialized with current variable values

iter      chisq       delta/lim  lambda   a             b             c            
   0 5.7000000000e+02   0.00e+00  9.90e+00    9.999983e+00   9.999985e-01   1.700000e+01
   1 5.7000000000e+02  -3.93e-08  9.90e-01    9.999991e+00   9.999985e-01   1.700000e+01

After 1 iterations the fit converged.
final sum of squares of residuals : 570
rel. change during last iteration : -3.92918e-13

degrees of freedom    (FIT_NDF)                        : 17
rms of residuals      (FIT_STDFIT) = sqrt(WSSR/ndf)    : 5.79046
variance of residuals (reduced chisquare) = WSSR/ndf   : 33.5294

Final set of parameters            Asymptotic Standard Error
=======================            ==========================
a               = 9.99999          +/- 5.949        (59.49%)
b               = 0.999999         +/- 2.392e+11    (2.392e+13%)
c               = 17               +/- 1.365        (8.028%)

correlation matrix of the fit parameters:
                a      b      c      
a               1.000 
b              -0.053  1.000 
c              -0.229  0.229  1.000 


*******************************************************************************
Thu Aug 29 18:01:57 2019


FIT:    data read from "50 mL Tx - Ta.txt"  u 1:2
        format = x:z
        x range restricted to [-200.000 : 1600.00]
        #datapoints = 20
        residuals are weighted equally (unit weight)

function used for fitting: f(x)
	f(x)=a*exp(x*-b)+c
fitted parameters initialized with current variable values

iter      chisq       delta/lim  lambda   a             b             c            
   0 6.0590000000e+03   0.00e+00  5.92e-01    1.000000e+00   1.000000e+00   1.000000e+00
   3 5.7000000000e+02  -1.09e-02  5.92e-04    1.000000e+01   9.999926e-01   1.700000e+01

After 3 iterations the fit converged.
final sum of squares of residuals : 570
rel. change during last iteration : -1.08877e-07

degrees of freedom    (FIT_NDF)                        : 17
rms of residuals      (FIT_STDFIT) = sqrt(WSSR/ndf)    : 5.79046
variance of residuals (reduced chisquare) = WSSR/ndf   : 33.5294

Final set of parameters            Asymptotic Standard Error
=======================            ==========================
a               = 10               +/- 5.949        (59.49%)
b               = 0.999993         +/- 2.392e+11    (2.392e+13%)
c               = 17               +/- 1.365        (8.028%)

correlation matrix of the fit parameters:
                a      b      c      
a               1.000 
b              -0.053  1.000 
c              -0.229  0.229  1.000 


*******************************************************************************
Thu Aug 29 18:09:06 2019


FIT:    data read from '200 mL Tx - Ta.txt' u 1:2:3:4
        format = x:y:z:s
        #datapoints = 21
function used for fitting: f(x)
	f(x)=a*exp(x*b)+c
BREAK: Need via and either parameter list or file

*******************************************************************************
Thu Aug 29 18:10:30 2019


FIT:    data read from '200 mL Tx - Ta.txt' u 1:2:3:4
        format = x:y:z:s
        #datapoints = 21
function used for fitting: f(x)
	f(x)=a*exp(x*b)
BREAK: Need via and either parameter list or file

*******************************************************************************
Thu Aug 29 18:10:50 2019


FIT:    data read from "200 mL Tx - Ta.txt"  u 1:2
        format = x:z
        #datapoints = 21
        residuals are weighted equally (unit weight)

function used for fitting: f(x)
	f(x)=a*exp(x*b)
fitted parameters initialized with current variable values


Current data point
=========================
#               = 8 out of 21
x               = 27             
z               = 20             

Current set of parameters
=========================
a               = 27             
b               = 1              

BREAK: Function evaluation yields NaN ("not a number")

*******************************************************************************
Thu Aug 29 18:13:16 2019


FIT:    data read from "200 mL Tx - Ta.txt"  u 1:2:3:4 xyerrors
        format = x:z:sx:s
        #datapoints = 21
function used for fitting: f(x)
	f(x)=a*exp(-x*b)
fitted parameters initialized with current variable values

iter      chisq       delta/lim  lambda   a             b            
   0 6.5890567847e+03   0.00e+00  1.11e-01    1.000000e+00   1.000000e+00
   2 6.2140000036e+03  -8.87e-03  1.11e-03    2.794970e+01   1.000000e+00

After 2 iterations the fit converged.
final sum of squares of residuals : 6214
rel. change during last iteration : -8.86684e-08

degrees of freedom    (FIT_NDF)                        : 19
rms of residuals      (FIT_STDFIT) = sqrt(WSSR/ndf)    : 18.0846
variance of residuals (reduced chisquare) = WSSR/ndf   : 327.053
p-value of the Chisq distribution (FIT_P)              : 0

Final set of parameters            Asymptotic Standard Error
=======================            ==========================
a               = 27.9497          +/- 482.2        (1725%)
b               = 1                +/- 7.463e+49    (7.463e+51%)

correlation matrix of the fit parameters:
                a      b      
a               1.000 
b               0.000  1.000 


*******************************************************************************
Thu Aug 29 18:13:45 2019


FIT:    data read from "200 mL Tx - Ta.txt"  u 1:2:3:4 xyerrors
        format = x:z:sx:s
        x range restricted to [-500.000 : 4500.00]
        #datapoints = 21
function used for fitting: f(x)
	f(x)=a*exp(-x*b)
fitted parameters initialized with current variable values

iter      chisq       delta/lim  lambda   a             b            
   0 1.2046796222e+03   0.00e+00  1.07e+01    2.794970e+01   1.000000e-03
   7 5.6196414971e+00  -9.48e-11  1.07e+04    2.703786e+01   3.411050e-04

After 7 iterations the fit converged.
final sum of squares of residuals : 5.61964
rel. change during last iteration : -9.48294e-16

degrees of freedom    (FIT_NDF)                        : 19
rms of residuals      (FIT_STDFIT) = sqrt(WSSR/ndf)    : 0.543848
variance of residuals (reduced chisquare) = WSSR/ndf   : 0.295771
p-value of the Chisq distribution (FIT_P)              : 0.998686

Final set of parameters            Asymptotic Standard Error
=======================            ==========================
a               = 27.0379          +/- 0.246        (0.91%)
b               = 0.000341105      +/- 7.732e-06    (2.267%)

correlation matrix of the fit parameters:
                a      b      
a               1.000 
b               0.699  1.000 


*******************************************************************************
Thu Aug 29 18:17:16 2019


FIT:    data read from "200 mL Tx - Ta.txt"  u 1:2:3:4 xyerrors
        format = x:z:sx:s
        #datapoints = 21
function used for fitting: f(x)
	f(x)=a*exp(-x*b)
fitted parameters initialized with current variable values

iter      chisq       delta/lim  lambda   a             b            
   0 5.6271692140e+00   0.00e+00  1.39e+01    2.700000e+01   3.400000e-04
   3 5.6196416418e+00  -1.20e-03  1.39e-02    2.703799e+01   3.411105e-04

After 3 iterations the fit converged.
final sum of squares of residuals : 5.61964
rel. change during last iteration : -1.20176e-08

degrees of freedom    (FIT_NDF)                        : 19
rms of residuals      (FIT_STDFIT) = sqrt(WSSR/ndf)    : 0.543848
variance of residuals (reduced chisquare) = WSSR/ndf   : 0.295771
p-value of the Chisq distribution (FIT_P)              : 0.998686

Final set of parameters            Asymptotic Standard Error
=======================            ==========================
a               = 27.038           +/- 0.246        (0.91%)
b               = 0.000341111      +/- 7.732e-06    (2.267%)

correlation matrix of the fit parameters:
                a      b      
a               1.000 
b               0.699  1.000 


*******************************************************************************
Thu Aug 29 18:46:35 2019


FIT:    data read from "190 mL Tx - Ta.txt"  u 1:2:3:4 xyerrors
        format = x:z:sx:s
        x range restricted to [-500.000 : 4500.00]
        #datapoints = 21
function used for fitting: g(x)
	g(x)=c*exp(-x*d)
fitted parameters initialized with current variable values

iter      chisq       delta/lim  lambda   c             d            
   0 6.6380567847e+03   0.00e+00  1.11e-01    1.000000e+00   1.000000e+00
   2 6.2630000036e+03  -8.80e-03  1.11e-03    2.794970e+01   1.000000e+00

After 2 iterations the fit converged.
final sum of squares of residuals : 6263
rel. change during last iteration : -8.79747e-08

degrees of freedom    (FIT_NDF)                        : 19
rms of residuals      (FIT_STDFIT) = sqrt(WSSR/ndf)    : 18.1558
variance of residuals (reduced chisquare) = WSSR/ndf   : 329.632
p-value of the Chisq distribution (FIT_P)              : 0

Final set of parameters            Asymptotic Standard Error
=======================            ==========================
c               = 27.9497          +/- 484.1        (1732%)
d               = 1                +/- 1.274e+24    (1.274e+26%)

correlation matrix of the fit parameters:
                c      d      
c               1.000 
d               0.000  1.000 


*******************************************************************************
Thu Aug 29 18:47:24 2019


FIT:    data read from "190 mL Tx - Ta.txt"  u 1:2:3:4 xyerrors
        format = x:z:sx:s
        x range restricted to [-500.000 : 4500.00]
        #datapoints = 21
function used for fitting: g(x)
	g(x)=c*exp(-x*d)
fitted parameters initialized with current variable values

iter      chisq       delta/lim  lambda   c             d            
   0 8.4942833422e+01   0.00e+00  1.47e+01    2.700000e+01   3.000000e-04
   4 3.8922721653e+00  -2.64e-01  1.47e-03    2.721853e+01   4.018379e-04

After 4 iterations the fit converged.
final sum of squares of residuals : 3.89227
rel. change during last iteration : -2.63573e-06

degrees of freedom    (FIT_NDF)                        : 19
rms of residuals      (FIT_STDFIT) = sqrt(WSSR/ndf)    : 0.452611
variance of residuals (reduced chisquare) = WSSR/ndf   : 0.204856
p-value of the Chisq distribution (FIT_P)              : 0.999914

Final set of parameters            Asymptotic Standard Error
=======================            ==========================
c               = 27.2185          +/- 0.2045       (0.7512%)
d               = 0.000401838      +/- 7.443e-06    (1.852%)

correlation matrix of the fit parameters:
                c      d      
c               1.000 
d               0.696  1.000 


*******************************************************************************
Thu Aug 29 18:50:46 2019


FIT:    data read from "150 mL Tx - Ta.txt"  u 1:2:3:4 xyerrors
        format = x:z:sx:s
        #datapoints = 20
function used for fitting: f(x)
	f(x)=a*exp(-x*b)
fitted parameters initialized with current variable values

iter      chisq       delta/lim  lambda   a             b            
   0 6.4087892818e+03   0.00e+00  1.13e-01    1.000000e+00   1.000000e+00
   2 6.0610000040e+03  -9.27e-03  1.13e-03    2.694687e+01   1.000000e+00

After 2 iterations the fit converged.
final sum of squares of residuals : 6061
rel. change during last iteration : -9.26661e-08

degrees of freedom    (FIT_NDF)                        : 18
rms of residuals      (FIT_STDFIT) = sqrt(WSSR/ndf)    : 18.35
variance of residuals (reduced chisquare) = WSSR/ndf   : 336.722
p-value of the Chisq distribution (FIT_P)              : 0

Final set of parameters            Asymptotic Standard Error
=======================            ==========================
a               = 26.9469          +/- 489.3        (1816%)
b               = 1                +/- 1.335e+24    (1.335e+26%)

correlation matrix of the fit parameters:
                a      b      
a               1.000 
b               0.000  1.000 


*******************************************************************************
Thu Aug 29 18:51:06 2019


FIT:    data read from "150 mL Tx - Ta.txt"  u 1:2:3:4 xyerrors
        format = x:z:sx:s
        #datapoints = 20
function used for fitting: f(x)
	f(x)=a*exp(-x*b)
fitted parameters initialized with current variable values

iter      chisq       delta/lim  lambda   a             b            
   0 2.5762447643e+02   0.00e+00  1.52e+01    2.600000e+01   3.000000e-04
   5 1.8603068366e+00   0.00e+00  1.52e+06    2.633044e+01   5.512403e-04

After 5 iterations the fit converged.
final sum of squares of residuals : 1.86031
rel. change during last iteration : 0

degrees of freedom    (FIT_NDF)                        : 18
rms of residuals      (FIT_STDFIT) = sqrt(WSSR/ndf)    : 0.321482
variance of residuals (reduced chisquare) = WSSR/ndf   : 0.10335
p-value of the Chisq distribution (FIT_P)              : 0.999999

Final set of parameters            Asymptotic Standard Error
=======================            ==========================
a               = 26.3304          +/- 0.1435       (0.5449%)
b               = 0.00055124       +/- 7.953e-06    (1.443%)

correlation matrix of the fit parameters:
                a      b      
a               1.000 
b               0.698  1.000 


*******************************************************************************
Thu Aug 29 18:54:49 2019


FIT:    data read from "120 mL Tx - Ta.txt"  u 1:2:3:4 xyerrors
        format = x:z:sx:s
        #datapoints = 18
function used for fitting: f(x)
	f(x)=a*exp(-x*b)
fitted parameters initialized with current variable values

iter      chisq       delta/lim  lambda   a             b            
   0 2.6629580805e+02   0.00e+00  1.59e+01    2.600000e+01   3.000000e-04
   5 4.6792016384e+00  -3.03e-03  1.59e-04    2.727822e+01   6.707904e-04

After 5 iterations the fit converged.
final sum of squares of residuals : 4.6792
rel. change during last iteration : -3.031e-08

degrees of freedom    (FIT_NDF)                        : 16
rms of residuals      (FIT_STDFIT) = sqrt(WSSR/ndf)    : 0.540787
variance of residuals (reduced chisquare) = WSSR/ndf   : 0.29245
p-value of the Chisq distribution (FIT_P)              : 0.997132

Final set of parameters            Asymptotic Standard Error
=======================            ==========================
a               = 27.2782          +/- 0.2448       (0.8973%)
b               = 0.00067079       +/- 1.747e-05    (2.605%)

correlation matrix of the fit parameters:
                a      b      
a               1.000 
b               0.699  1.000 


*******************************************************************************
Thu Aug 29 18:57:17 2019


FIT:    data read from "100 mL Tx - Ta.txt"  u 1:2:3:4 xyerrors
        format = x:z:sx:s
        #datapoints = 18
function used for fitting: f(x)
fitted parameters initialized with current variable values



*******************************************************************************
Thu Aug 29 18:57:47 2019


FIT:    data read from "100 mL Tx - Ta.txt"  u 1:2:3:4 xyerrors
        format = x:z:sx:s
        #datapoints = 18
function used for fitting: f(x)
fitted parameters initialized with current variable values



*******************************************************************************
Thu Aug 29 18:57:57 2019


FIT:    data read from "100 mL Tx - Ta.txt"  u 1:2:3:4 xyerrors
        format = x:z:sx:s
        #datapoints = 18
function used for fitting: f(x)
	f(x)=a*exp(-x*b)
fitted parameters initialized with current variable values

iter      chisq       delta/lim  lambda   a             b            
   0 4.5286895655e+02   0.00e+00  1.67e+01    2.700000e+01   3.000000e-04
   5 4.9025925954e+00  -1.45e-02  1.67e-04    2.600778e+01   6.817053e-04

After 5 iterations the fit converged.
final sum of squares of residuals : 4.90259
rel. change during last iteration : -1.45401e-07

degrees of freedom    (FIT_NDF)                        : 16
rms of residuals      (FIT_STDFIT) = sqrt(WSSR/ndf)    : 0.553545
variance of residuals (reduced chisquare) = WSSR/ndf   : 0.306412
p-value of the Chisq distribution (FIT_P)              : 0.996217

Final set of parameters            Asymptotic Standard Error
=======================            ==========================
a               = 26.0078          +/- 0.2476       (0.952%)
b               = 0.000681705      +/- 1.951e-05    (2.862%)

correlation matrix of the fit parameters:
                a      b      
a               1.000 
b               0.701  1.000 


*******************************************************************************
Thu Aug 29 18:59:38 2019


FIT:    data read from "80 mL Tx - Ta.txt"  u 1:2:3:4 xyerrors
        format = x:z:sx:s
        #datapoints = 16
function used for fitting: f(x)
	f(x)=a*exp(-x*b)
fitted parameters initialized with current variable values

iter      chisq       delta/lim  lambda   a             b            
   0 2.2025487216e+02   0.00e+00  1.55e+01    2.600778e+01   6.817053e-04
   5 9.9689940622e+00  -4.09e-03  1.55e-04    2.468512e+01   1.137569e-03

After 5 iterations the fit converged.
final sum of squares of residuals : 9.96899
rel. change during last iteration : -4.08934e-08

degrees of freedom    (FIT_NDF)                        : 14
rms of residuals      (FIT_STDFIT) = sqrt(WSSR/ndf)    : 0.843843
variance of residuals (reduced chisquare) = WSSR/ndf   : 0.712071
p-value of the Chisq distribution (FIT_P)              : 0.764447

Final set of parameters            Asymptotic Standard Error
=======================            ==========================
a               = 24.6851          +/- 0.4048       (1.64%)
b               = 0.00113757       +/- 5.643e-05    (4.961%)

correlation matrix of the fit parameters:
                a      b      
a               1.000 
b               0.709  1.000 


*******************************************************************************
Thu Aug 29 19:01:47 2019


FIT:    data read from "50 mL Tx - Ta.txt"  u 1:2:3:4 xyerrors
        format = x:z:sx:s
        x range restricted to [-100.000 : 1000.00]
        #datapoints = 16
function used for fitting: f(x)
	f(x)=a*exp(-x*b)
fitted parameters initialized with current variable values

iter      chisq       delta/lim  lambda   a             b            
   0 1.2277092878e+02   0.00e+00  1.32e+01    2.468512e+01   1.137569e-03
   4 1.2039370991e+00  -1.55e-03  1.32e-03    2.667061e+01   8.984797e-04

After 4 iterations the fit converged.
final sum of squares of residuals : 1.20394
rel. change during last iteration : -1.54995e-08

degrees of freedom    (FIT_NDF)                        : 14
rms of residuals      (FIT_STDFIT) = sqrt(WSSR/ndf)    : 0.29325
variance of residuals (reduced chisquare) = WSSR/ndf   : 0.0859955
p-value of the Chisq distribution (FIT_P)              : 0.999997

Final set of parameters            Asymptotic Standard Error
=======================            ==========================
a               = 26.6706          +/- 0.1452       (0.5445%)
b               = 0.00089848       +/- 1.545e-05    (1.72%)

correlation matrix of the fit parameters:
                a      b      
a               1.000 
b               0.740  1.000 


*******************************************************************************
Thu Aug 29 19:03:50 2019


FIT:    data read from "40 mL Tx - Ta.txt"  u 1:2:3:4 xyerrors
        format = x:z:sx:s
        x range restricted to [-100.000 : 1000.00]
        #datapoints = 16
function used for fitting: f(x)
	f(x)=a*exp(-x*b)
fitted parameters initialized with current variable values

iter      chisq       delta/lim  lambda   a             b            
   0 1.2622472979e+02   0.00e+00  1.53e+01    2.667061e+01   8.984797e-04
   4 9.9689939891e+00  -4.08e-01  1.53e-03    2.468504e+01   1.137552e-03

After 4 iterations the fit converged.
final sum of squares of residuals : 9.96899
rel. change during last iteration : -4.07848e-06

degrees of freedom    (FIT_NDF)                        : 14
rms of residuals      (FIT_STDFIT) = sqrt(WSSR/ndf)    : 0.843843
variance of residuals (reduced chisquare) = WSSR/ndf   : 0.712071
p-value of the Chisq distribution (FIT_P)              : 0.764447

Final set of parameters            Asymptotic Standard Error
=======================            ==========================
a               = 24.685           +/- 0.4048       (1.64%)
b               = 0.00113755       +/- 5.643e-05    (4.961%)

correlation matrix of the fit parameters:
                a      b      
a               1.000 
b               0.709  1.000 


*******************************************************************************
Thu Aug 29 19:05:15 2019


FIT:    data read from "40 mL Tx - Ta.txt"  u 1:2:3:4 xyerrors
        format = x:z:sx:s
        x range restricted to [-100.000 : 1000.00]
        #datapoints = 16
function used for fitting: f(x)
	f(x)=a*exp(-x*b)
fitted parameters initialized with current variable values

iter      chisq       delta/lim  lambda   a             b            
   0 9.9689939891e+00   0.00e+00  1.36e+01    2.468504e+01   1.137552e-03
   1 9.9689939891e+00   0.00e+00  1.36e+06    2.468504e+01   1.137552e-03

After 1 iterations the fit converged.
final sum of squares of residuals : 9.96899
rel. change during last iteration : 0

degrees of freedom    (FIT_NDF)                        : 14
rms of residuals      (FIT_STDFIT) = sqrt(WSSR/ndf)    : 0.843843
variance of residuals (reduced chisquare) = WSSR/ndf   : 0.712071
p-value of the Chisq distribution (FIT_P)              : 0.764447

Final set of parameters            Asymptotic Standard Error
=======================            ==========================
a               = 24.685           +/- 0.4048       (1.64%)
b               = 0.00113755       +/- 5.643e-05    (4.961%)

correlation matrix of the fit parameters:
                a      b      
a               1.000 
b               0.709  1.000 


*******************************************************************************
Thu Aug 29 19:05:56 2019


FIT:    data read from "20 mL Tx - Ta.txt"  u 1:2:3:4 xyerrors
        format = x:z:sx:s
        #datapoints = 18
function used for fitting: f(x)
	f(x)=a*exp(-x*b)
fitted parameters initialized with current variable values

iter      chisq       delta/lim  lambda   a             b            
   0 6.1606790466e+01   0.00e+00  1.42e+01    2.600000e+01   1.000000e-03
   4 5.4528848061e+00  -2.63e-01  1.42e-03    2.611606e+01   1.309769e-03

After 4 iterations the fit converged.
final sum of squares of residuals : 5.45288
rel. change during last iteration : -2.62736e-06

degrees of freedom    (FIT_NDF)                        : 16
rms of residuals      (FIT_STDFIT) = sqrt(WSSR/ndf)    : 0.583785
variance of residuals (reduced chisquare) = WSSR/ndf   : 0.340805
p-value of the Chisq distribution (FIT_P)              : 0.993002

Final set of parameters            Asymptotic Standard Error
=======================            ==========================
a               = 26.1161          +/- 0.2973       (1.138%)
b               = 0.00130977       +/- 3.703e-05    (2.827%)

correlation matrix of the fit parameters:
                a      b      
a               1.000 
b               0.729  1.000 


*******************************************************************************
Thu Aug 29 19:16:06 2019


FIT:    data read from "180 mL Tx - Ta.txt"  u 1:2:3:4 xyerrors
        format = x:z:sx:s
        #datapoints = 21
function used for fitting: f(x)
	f(x)=a*exp(-x*b)
fitted parameters initialized with current variable values

iter      chisq       delta/lim  lambda   a             b            
   0 1.1901958723e+03   0.00e+00  1.04e+01    2.611606e+01   1.309769e-03
   7 7.3849170028e+00  -9.92e-05  1.04e+01    2.663518e+01   4.567106e-04

After 7 iterations the fit converged.
final sum of squares of residuals : 7.38492
rel. change during last iteration : -9.92198e-10

degrees of freedom    (FIT_NDF)                        : 19
rms of residuals      (FIT_STDFIT) = sqrt(WSSR/ndf)    : 0.623442
variance of residuals (reduced chisquare) = WSSR/ndf   : 0.38868
p-value of the Chisq distribution (FIT_P)              : 0.991861

Final set of parameters            Asymptotic Standard Error
=======================            ==========================
a               = 26.6352          +/- 0.2677       (1.005%)
b               = 0.000456711      +/- 1.183e-05    (2.59%)

correlation matrix of the fit parameters:
                a      b      
a               1.000 
b               0.673  1.000 
