

*******************************************************************************
Sun Sep 15 15:38:35 2019


FIT:    data read from 'uwu2.txt' u 1:2:3:4 xyerrors
        format = x:z:sx:s
        #datapoints = 15
function used for fitting: f(x)
	f(x)=a*x+b
fitted parameters initialized with current variable values

iter      chisq       delta/lim  lambda   a             b            
   0 1.7550923591e+06   0.00e+00  4.63e+02    1.000000e+00   1.000000e+00
   3 1.2806837588e+06  -2.63e-01  4.63e+01    1.131556e+00   1.737790e+00

After 3 iterations the fit converged.
final sum of squares of residuals : 1.28068e+06
rel. change during last iteration : -2.63104e-06

degrees of freedom    (FIT_NDF)                        : 13
rms of residuals      (FIT_STDFIT) = sqrt(WSSR/ndf)    : 313.87
variance of residuals (reduced chisquare) = WSSR/ndf   : 98514.1
p-value of the Chisq distribution (FIT_P)              : 0

Final set of parameters            Asymptotic Standard Error
=======================            ==========================
a               = 1.13156          +/- 0.3514       (31.06%)
b               = 1.73779          +/- 230.6        (1.327e+04%)

correlation matrix of the fit parameters:
                a      b      
a               1.000 
b              -0.917  1.000 


*******************************************************************************
Sun Sep 15 15:39:10 2019


FIT:    data read from 'uwu2.txt' u 1:2:3:4 xyerrors
        format = x:z:sx:s
        #datapoints = 15
function used for fitting: f(x)
	f(x)=a*x+b
fitted parameters initialized with current variable values

iter      chisq       delta/lim  lambda   a             b            
   0 1.2806837588e+06   0.00e+00  4.64e+02    1.131556e+00   1.737790e+00
   1 1.2806834341e+06  -2.54e-02  4.64e+02    1.131556e+00   1.738006e+00

After 1 iterations the fit converged.
final sum of squares of residuals : 1.28068e+06
rel. change during last iteration : -2.53519e-07

degrees of freedom    (FIT_NDF)                        : 13
rms of residuals      (FIT_STDFIT) = sqrt(WSSR/ndf)    : 313.87
variance of residuals (reduced chisquare) = WSSR/ndf   : 98514.1
p-value of the Chisq distribution (FIT_P)              : 0

Final set of parameters            Asymptotic Standard Error
=======================            ==========================
a               = 1.13156          +/- 0.3514       (31.06%)
b               = 1.73801          +/- 230.6        (1.327e+04%)

correlation matrix of the fit parameters:
                a      b      
a               1.000 
b              -0.917  1.000 


*******************************************************************************
Sun Sep 15 15:40:39 2019


FIT:    data read from 'uwu2.txt' u 1:2:3:4
        format = x:y:z:s
        #datapoints = 15
function used for fitting: f(x)
	f(x)=a*x+b
fitted parameters initialized with current variable values

iter      chisq       delta/lim  lambda   a             b            
   0 2.5837200000e+09   0.00e+00  9.28e+03    1.000000e+00   1.000000e+00
BREAK: Singular matrix in Invert_RtR

*******************************************************************************
Sun Sep 15 15:41:06 2019


FIT:    data read from 'uwu2.txt' u 1:2:3:4
        format = x:y:z:s
        #datapoints = 15
function used for fitting: f(x)
	f(x)=a*x+b
fitted parameters initialized with current variable values

iter      chisq       delta/lim  lambda   a             b            
   0 6.0000000000e-03   0.00e+00  1.42e+01    3.214345e-19   1.001000e+00
BREAK: Singular matrix in Invert_RtR

*******************************************************************************
Sun Sep 15 15:41:31 2019


FIT:    data read from 'uwu2.txt' u 1:2:3:4 xyerrors
        format = x:z:sx:s
        #datapoints = 15
function used for fitting: f(x)
	f(x)=a*x+b
fitted parameters initialized with current variable values

iter      chisq       delta/lim  lambda   a             b            
   0 3.9726374721e+09   0.00e+00  1.42e+01    3.214345e-19   1.001000e+00
BREAK: Singular matrix in Invert_RtR

*******************************************************************************
Sun Sep 15 15:41:39 2019


FIT:    data read from 'uwu2.txt' u 1:2:3:4
        format = x:y:z:s
        #datapoints = 15
function used for fitting: f(x)
	f(x)=a*x+b
BREAK: Need via and either parameter list or file

*******************************************************************************
Sun Sep 15 15:43:15 2019


FIT:    data read from 'uwu2.txt' u 1:2:3:4
        format = x:y:z:s
        #datapoints = 15
function used for fitting: f(x)
	f(x)=a*x+b
BREAK: Need via and either parameter list or file

*******************************************************************************
Sun Sep 15 15:43:35 2019


FIT:    data read from 'uwu2.txt' u 1:2:3:4 xyerrors
        format = x:z:sx:s
        #datapoints = 15
function used for fitting: f(x)
	f(x)=a*x+b
fitted parameters initialized with current variable values

iter      chisq       delta/lim  lambda   a             b            
   0 3.9166240000e+05   0.00e+00  1.15e+04    3.214345e-19   8.146600e+02
BREAK: Singular matrix in Invert_RtR

*******************************************************************************
Sun Sep 15 15:44:28 2019


FIT:    data read from 'uwu.txt' u 1:2:3:4 xyerrors
        format = x:z:sx:s
        #datapoints = 20
function used for fitting: f(x)
	f(x) = a*x +b
fitted parameters initialized with current variable values

iter      chisq       delta/lim  lambda   a             b            
   0 2.4992867332e+06   0.00e+00  5.84e+02    1.000000e+00   1.000000e+00
  25 2.4949009001e+06  -7.00e-01  5.84e+03    9.808140e-01   9.999984e-01

After 25 iterations the fit converged.
final sum of squares of residuals : 2.4949e+06
rel. change during last iteration : -7.00238e-06

degrees of freedom    (FIT_NDF)                        : 18
rms of residuals      (FIT_STDFIT) = sqrt(WSSR/ndf)    : 372.298
variance of residuals (reduced chisquare) = WSSR/ndf   : 138606
p-value of the Chisq distribution (FIT_P)              : 0

Final set of parameters            Asymptotic Standard Error
=======================            ==========================
a               = 0.980814         +/- 0.2367       (24.13%)
b               = 0.999998         +/- 195.8        (1.958e+04%)

correlation matrix of the fit parameters:
                a      b      
a               1.000 
b              -0.909  1.000 


*******************************************************************************
Sun Sep 15 15:47:15 2019


FIT:    data read from 'uwu.txt' u 1:2:3:4 xyerrors
        format = x:z:sx:s
        #datapoints = 20
function used for fitting: f(x)
	f(x) = a*x +b
fitted parameters initialized with current variable values

iter      chisq       delta/lim  lambda   a             b            
   0 3.6729676136e+09   0.00e+00  2.53e+02   -2.400000e-02   1.000000e+00
   6 3.0520011645e+06  -8.40e-01  2.53e+01    7.712658e-01   2.888516e+01

After 6 iterations the fit converged.
final sum of squares of residuals : 3.052e+06
rel. change during last iteration : -8.40129e-06

degrees of freedom    (FIT_NDF)                        : 18
rms of residuals      (FIT_STDFIT) = sqrt(WSSR/ndf)    : 411.771
variance of residuals (reduced chisquare) = WSSR/ndf   : 169556
p-value of the Chisq distribution (FIT_P)              : 0

Final set of parameters            Asymptotic Standard Error
=======================            ==========================
a               = 0.771266         +/- 0.206        (26.71%)
b               = 28.8852          +/- 170.5        (590.2%)

correlation matrix of the fit parameters:
                a      b      
a               1.000 
b              -0.909  1.000 


*******************************************************************************
Sun Sep 15 15:47:35 2019


FIT:    data read from 'uwu.txt' u 1:2:3:4 xyerrors
        format = x:z:sx:s
        #datapoints = 20
function used for fitting: f(x)
	f(x) = a*x +b
fitted parameters initialized with current variable values

iter      chisq       delta/lim  lambda   a             b            
   0 3.4054815616e+09   0.00e+00  4.47e+02   -2.400000e-02   2.888516e+01
   4 4.6732058601e+03  -1.69e-01  4.47e-02   -2.335739e-02   7.521162e+02

After 4 iterations the fit converged.
final sum of squares of residuals : 4673.21
rel. change during last iteration : -1.69499e-06

degrees of freedom    (FIT_NDF)                        : 18
rms of residuals      (FIT_STDFIT) = sqrt(WSSR/ndf)    : 16.1128
variance of residuals (reduced chisquare) = WSSR/ndf   : 259.623
p-value of the Chisq distribution (FIT_P)              : 0

Final set of parameters            Asymptotic Standard Error
=======================            ==========================
a               = -0.0233574       +/- 0.0005757    (2.465%)
b               = 752.116          +/- 0.4763       (0.06333%)

correlation matrix of the fit parameters:
                a      b      
a               1.000 
b              -0.909  1.000 


*******************************************************************************
Sun Sep 15 16:57:46 2019


FIT:    data read from 'uwu2.txt' u 1:2:3:4 xyerrors
        format = x:z:sx:s
        x range restricted to [-140.000 : 1260.00]
        #datapoints = 15
function used for fitting: f(x)
	f(x)=a*x+b
fitted parameters initialized with current variable values

iter      chisq       delta/lim  lambda   a             b            
   0 2.8922172879e+07   0.00e+00  9.64e+03   -2.335739e-02   7.521162e+02
   5 3.9709359084e+02  -3.21e-01  9.64e-02   -3.091240e-02   8.332693e+02

After 5 iterations the fit converged.
final sum of squares of residuals : 397.094
rel. change during last iteration : -3.208e-06

degrees of freedom    (FIT_NDF)                        : 13
rms of residuals      (FIT_STDFIT) = sqrt(WSSR/ndf)    : 5.52681
variance of residuals (reduced chisquare) = WSSR/ndf   : 30.5457
p-value of the Chisq distribution (FIT_P)              : 0

Final set of parameters            Asymptotic Standard Error
=======================            ==========================
a               = -0.0309124       +/- 0.0003212    (1.039%)
b               = 833.269          +/- 0.2108       (0.02529%)

correlation matrix of the fit parameters:
                a      b      
a               1.000 
b              -0.917  1.000 


*******************************************************************************
Tue Sep 17 15:43:43 2019


FIT:    data read from 'uwu2.txt' u 1:2:3:4 xyerrors
        format = x:z:sx:s
        x range restricted to [100.000 : 1100.00]
        #datapoints = 15
function used for fitting: f(x)
	f(x)=a*x+b
fitted parameters initialized with current variable values

iter      chisq       delta/lim  lambda   a             b            
   0 2.9672529438e+09   0.00e+00  2.19e+02    2.677000e-02   1.000000e+00
   5 1.2813660907e+06  -4.36e-01  2.19e+01    1.098613e+00   2.568353e+01

After 5 iterations the fit converged.
final sum of squares of residuals : 1.28137e+06
rel. change during last iteration : -4.3603e-06

degrees of freedom    (FIT_NDF)                        : 13
rms of residuals      (FIT_STDFIT) = sqrt(WSSR/ndf)    : 313.953
variance of residuals (reduced chisquare) = WSSR/ndf   : 98566.6
p-value of the Chisq distribution (FIT_P)              : 0

Final set of parameters            Asymptotic Standard Error
=======================            ==========================
a               = 1.09861          +/- 0.3413       (31.07%)
b               = 25.6835          +/- 224          (872.1%)

correlation matrix of the fit parameters:
                a      b      
a               1.000 
b              -0.917  1.000 


*******************************************************************************
Tue Sep 17 15:44:06 2019


FIT:    data read from 'uwu2.txt' u 1:2:3:4 xyerrors
        format = x:z:sx:s
        x range restricted to [100.000 : 1100.00]
        #datapoints = 15
function used for fitting: f(x)
	f(x)=a*x+b
fitted parameters initialized with current variable values

iter      chisq       delta/lim  lambda   a             b            
   0 3.0226066988e+09   0.00e+00  3.88e+02   -2.677000e-02   2.568353e+01
   5 3.9709359083e+02  -1.83e-06  3.88e-03   -3.091240e-02   8.332693e+02

After 5 iterations the fit converged.
final sum of squares of residuals : 397.094
rel. change during last iteration : -1.82692e-11

degrees of freedom    (FIT_NDF)                        : 13
rms of residuals      (FIT_STDFIT) = sqrt(WSSR/ndf)    : 5.52681
variance of residuals (reduced chisquare) = WSSR/ndf   : 30.5457
p-value of the Chisq distribution (FIT_P)              : 0

Final set of parameters            Asymptotic Standard Error
=======================            ==========================
a               = -0.0309124       +/- 0.0003212    (1.039%)
b               = 833.269          +/- 0.2108       (0.02529%)

correlation matrix of the fit parameters:
                a      b      
a               1.000 
b              -0.917  1.000 


*******************************************************************************
Tue Sep 17 17:41:53 2019


FIT:    data read from 'uwu.txt' u 1:2:3:4 xyerrors
        format = x:z:sx:s
        x range restricted to [100.000 : 1400.00]
        #datapoints = 20
function used for fitting: f(x)
	f(x)=a*x+b
fitted parameters initialized with current variable values

iter      chisq       delta/lim  lambda   a             b            
   0 3.3011347473e+07   0.00e+00  1.00e+04   -3.091240e-02   8.332693e+02
   5 4.6716181753e+03  -4.43e-08  1.00e+07   -2.339490e-02   7.521445e+02

After 5 iterations the fit converged.
final sum of squares of residuals : 4671.62
rel. change during last iteration : -4.42714e-13

degrees of freedom    (FIT_NDF)                        : 18
rms of residuals      (FIT_STDFIT) = sqrt(WSSR/ndf)    : 16.1101
variance of residuals (reduced chisquare) = WSSR/ndf   : 259.534
p-value of the Chisq distribution (FIT_P)              : 0

Final set of parameters            Asymptotic Standard Error
=======================            ==========================
a               = -0.0233949       +/- 0.0005757    (2.461%)
b               = 752.144          +/- 0.4764       (0.06333%)

correlation matrix of the fit parameters:
                a      b      
a               1.000 
b              -0.909  1.000 
